Started GET "/" for ::1 at 2020-02-19 15:29:06 -0600
Processing by Rails::WelcomeController#index as HTML
  Rendering /Users/pinkavat/.rbenv/versions/2.6.5/lib/ruby/gems/2.6.0/gems/railties-5.1.7/lib/rails/templates/rails/welcome/index.html.erb
  Rendered /Users/pinkavat/.rbenv/versions/2.6.5/lib/ruby/gems/2.6.0/gems/railties-5.1.7/lib/rails/templates/rails/welcome/index.html.erb (3.6ms)
Completed 200 OK in 249ms (Views: 7.5ms)


Started GET "/" for 127.0.0.1 at 2020-02-19 15:54:14 -0600
Processing by Rails::WelcomeController#index as HTML
  Rendering /Users/pinkavat/.rbenv/versions/2.6.5/lib/ruby/gems/2.6.0/gems/railties-5.1.6/lib/rails/templates/rails/welcome/index.html.erb
  Rendered /Users/pinkavat/.rbenv/versions/2.6.5/lib/ruby/gems/2.6.0/gems/railties-5.1.6/lib/rails/templates/rails/welcome/index.html.erb (3.9ms)
Completed 200 OK in 197ms (Views: 9.6ms)


Started GET "/" for 127.0.0.1 at 2020-02-21 15:04:24 -0600
Processing by StaticPagesController#home as HTML
  Rendering static_pages/home.html.erb within layouts/application
  Rendered static_pages/home.html.erb within layouts/application (1.7ms)
  Rendered layouts/_shim.html.erb (0.4ms)
  Rendered layouts/_header.html.erb (273.3ms)
Completed 500 Internal Server Error in 1073ms


  
ActionView::Template::Error (undefined local variable or method `glyphs_path' for #<#<Class:0x00007fbd8a535e18>:0x00007fbd8c088cb0>):
    4:             <ul>
    5:                 <li><%= link_to "Home", home_path, :class => ('navCurrentLink' if (current_page?(home_path) or current_page?(root_path)))%></li>
    6:                 <li><%= link_to "About", about_path, :class => ('navCurrentLink' if current_page?(about_path))%></li>
    7:                 <li><%= link_to "Gardens", glyphs_path, :class => ('navCurrentLink' if current_page?(glyphs_path))%></li>
    8:             </ul>
    9:         </div>
   10:     </nav>
  
app/views/layouts/_header.html.erb:7:in `_app_views_layouts__header_html_erb__2226536300011851400_70226057671420'
app/views/layouts/application.html.erb:13:in `_app_views_layouts_application_html_erb___446491282732587265_70226022306000'
Started GET "/" for 127.0.0.1 at 2020-02-21 15:05:30 -0600
Processing by StaticPagesController#home as HTML
  Rendering static_pages/home.html.erb within layouts/application
  Rendered static_pages/home.html.erb within layouts/application (2.1ms)
  Rendered layouts/_shim.html.erb (0.5ms)
  Rendered layouts/_header.html.erb (1.5ms)
Completed 200 OK in 393ms (Views: 218.9ms)


Started GET "/about" for 127.0.0.1 at 2020-02-21 15:05:33 -0600
Processing by StaticPagesController#about as HTML
  Rendering static_pages/about.html.erb within layouts/application
  Rendered static_pages/about.html.erb within layouts/application (0.4ms)
  Rendered layouts/_shim.html.erb (0.2ms)
  Rendered layouts/_header.html.erb (0.7ms)
Completed 200 OK in 17ms (Views: 15.1ms)


Started GET "/gardens" for 127.0.0.1 at 2020-02-21 15:05:34 -0600
Processing by StaticPagesController#gardens as HTML
  Rendering static_pages/gardens.html.erb within layouts/application
  Rendered static_pages/gardens.html.erb within layouts/application (0.7ms)
  Rendered layouts/_shim.html.erb (0.5ms)
  Rendered layouts/_header.html.erb (1.1ms)
Completed 200 OK in 20ms (Views: 17.8ms)


Started GET "/getinvolved" for 127.0.0.1 at 2020-02-21 15:05:35 -0600
Processing by StaticPagesController#getinvolved as HTML
  Rendering static_pages/getinvolved.html.erb within layouts/application
  Rendered static_pages/getinvolved.html.erb within layouts/application (0.4ms)
  Rendered layouts/_shim.html.erb (0.2ms)
  Rendered layouts/_header.html.erb (1.4ms)
Completed 200 OK in 23ms (Views: 21.1ms)


Started GET "/gardens" for 127.0.0.1 at 2020-02-21 15:05:36 -0600
Processing by StaticPagesController#gardens as HTML
  Rendering static_pages/gardens.html.erb within layouts/application
  Rendered static_pages/gardens.html.erb within layouts/application (0.4ms)
  Rendered layouts/_shim.html.erb (0.3ms)
  Rendered layouts/_header.html.erb (0.6ms)
Completed 200 OK in 20ms (Views: 18.1ms)


Started GET "/about" for 127.0.0.1 at 2020-02-21 15:05:40 -0600
Processing by StaticPagesController#about as HTML
  Rendering static_pages/about.html.erb within layouts/application
  Rendered static_pages/about.html.erb within layouts/application (0.9ms)
  Rendered layouts/_shim.html.erb (0.2ms)
  Rendered layouts/_header.html.erb (0.7ms)
Completed 200 OK in 19ms (Views: 18.2ms)


Started GET "/gardens" for 127.0.0.1 at 2020-02-21 15:05:41 -0600
Processing by StaticPagesController#gardens as HTML
  Rendering static_pages/gardens.html.erb within layouts/application
  Rendered static_pages/gardens.html.erb within layouts/application (0.5ms)
  Rendered layouts/_shim.html.erb (0.4ms)
  Rendered layouts/_header.html.erb (1.0ms)
Completed 200 OK in 21ms (Views: 19.8ms)


Started GET "/home" for 127.0.0.1 at 2020-02-21 15:05:42 -0600
Processing by StaticPagesController#home as HTML
  Rendering static_pages/home.html.erb within layouts/application
  Rendered static_pages/home.html.erb within layouts/application (0.3ms)
  Rendered layouts/_shim.html.erb (0.4ms)
  Rendered layouts/_header.html.erb (0.8ms)
Completed 200 OK in 24ms (Views: 22.6ms)


Started GET "/gardens" for 127.0.0.1 at 2020-02-21 15:06:16 -0600
Processing by StaticPagesController#gardens as HTML
  Rendering static_pages/gardens.html.erb within layouts/application
  Rendered static_pages/gardens.html.erb within layouts/application (0.6ms)
  Rendered layouts/_shim.html.erb (0.2ms)
  Rendered layouts/_header.html.erb (0.5ms)
Completed 200 OK in 21ms (Views: 19.0ms)


Started GET "/getinvolved" for 127.0.0.1 at 2020-02-21 15:06:18 -0600
Processing by StaticPagesController#getinvolved as HTML
  Rendering static_pages/getinvolved.html.erb within layouts/application
  Rendered static_pages/getinvolved.html.erb within layouts/application (0.4ms)
  Rendered layouts/_shim.html.erb (0.2ms)
  Rendered layouts/_header.html.erb (0.6ms)
Completed 200 OK in 16ms (Views: 15.1ms)


Started GET "/getinvolved" for 127.0.0.1 at 2020-02-21 15:13:03 -0600
Processing by StaticPagesController#getinvolved as HTML
  Rendering static_pages/getinvolved.html.erb within layouts/application
  Rendered static_pages/getinvolved.html.erb within layouts/application (0.8ms)
  Rendered layouts/_shim.html.erb (0.4ms)
  Rendered layouts/_header.html.erb (1.1ms)
  Rendered layouts/_footer.html.erb (0.3ms)
Completed 200 OK in 385ms (Views: 220.5ms)


Started GET "/about" for 127.0.0.1 at 2020-02-21 15:13:07 -0600
Processing by StaticPagesController#about as HTML
  Rendering static_pages/about.html.erb within layouts/application
  Rendered static_pages/about.html.erb within layouts/application (0.3ms)
  Rendered layouts/_shim.html.erb (0.3ms)
  Rendered layouts/_header.html.erb (0.6ms)
  Rendered layouts/_footer.html.erb (0.2ms)
Completed 200 OK in 17ms (Views: 16.0ms)


Started GET "/home" for 127.0.0.1 at 2020-02-21 15:13:07 -0600
Processing by StaticPagesController#home as HTML
  Rendering static_pages/home.html.erb within layouts/application
  Rendered static_pages/home.html.erb within layouts/application (0.4ms)
  Rendered layouts/_shim.html.erb (0.2ms)
  Rendered layouts/_header.html.erb (0.5ms)
  Rendered layouts/_footer.html.erb (0.3ms)
Completed 200 OK in 17ms (Views: 16.3ms)


Started GET "/gardens" for 127.0.0.1 at 2020-02-21 15:13:08 -0600
Processing by StaticPagesController#gardens as HTML
  Rendering static_pages/gardens.html.erb within layouts/application
  Rendered static_pages/gardens.html.erb within layouts/application (0.3ms)
  Rendered layouts/_shim.html.erb (0.3ms)
  Rendered layouts/_header.html.erb (0.6ms)
  Rendered layouts/_footer.html.erb (0.3ms)
Completed 200 OK in 19ms (Views: 17.9ms)


Started GET "/getinvolved" for 127.0.0.1 at 2020-02-21 15:13:09 -0600
Processing by StaticPagesController#getinvolved as HTML
  Rendering static_pages/getinvolved.html.erb within layouts/application
  Rendered static_pages/getinvolved.html.erb within layouts/application (0.6ms)
  Rendered layouts/_shim.html.erb (0.4ms)
  Rendered layouts/_header.html.erb (0.6ms)
  Rendered layouts/_footer.html.erb (0.2ms)
Completed 200 OK in 20ms (Views: 19.1ms)


Started GET "/" for 127.0.0.1 at 2020-02-21 15:19:40 -0600
Processing by StaticPagesController#home as HTML
  Rendering static_pages/home.html.erb within layouts/application
  Rendered static_pages/home.html.erb within layouts/application (1.6ms)
  Rendered layouts/_shim.html.erb (0.2ms)
  Rendered layouts/_header.html.erb (0.6ms)
  Rendered layouts/_footer.html.erb (0.2ms)
Completed 200 OK in 454ms (Views: 290.3ms)


Started GET "/" for 127.0.0.1 at 2020-02-21 15:20:58 -0600
Processing by StaticPagesController#home as HTML
  Rendering static_pages/home.html.erb within layouts/application
  Rendered static_pages/home.html.erb within layouts/application (0.8ms)
  Rendered layouts/_shim.html.erb (0.4ms)
  Rendered layouts/_header.html.erb (1.3ms)
  Rendered layouts/_footer.html.erb (0.6ms)
Completed 200 OK in 419ms (Views: 262.7ms)


Started GET "/" for 127.0.0.1 at 2020-02-21 15:34:20 -0600
Processing by StaticPagesController#home as HTML
  Rendering static_pages/home.html.erb within layouts/application
  Rendered static_pages/home.html.erb within layouts/application (1.3ms)
Completed 500 Internal Server Error in 410ms


  
ActionView::Template::Error (Undefined variable: "$std_green_colour".):
    4:     <title><%= expanded_title(yield(:title))%></title>
    5:     <%= csrf_meta_tags %>
    6: 
    7:     <%= stylesheet_link_tag    'application', media: 'all', 'data-turbolinks-track': 'reload' %>
    8:     <%= javascript_include_tag 'application', 'data-turbolinks-track': 'reload' %>
    9:     <%= render 'layouts/shim' %>
   10:   </head>
  
app/assets/stylesheets/header.scss:13
app/views/layouts/application.html.erb:7:in `_app_views_layouts_application_html_erb__1501544415115174478_70129061767540'
Started GET "/" for 127.0.0.1 at 2020-02-21 15:38:05 -0600
Processing by StaticPagesController#home as HTML
  Rendering static_pages/home.html.erb within layouts/application
  Rendered static_pages/home.html.erb within layouts/application (1.3ms)
  Rendered layouts/_shim.html.erb (0.4ms)
  Rendered layouts/_header.html.erb (1.2ms)
  Rendered layouts/_footer.html.erb (0.4ms)
Completed 200 OK in 448ms (Views: 293.5ms)


Started GET "/" for 127.0.0.1 at 2020-02-21 15:44:49 -0600
Processing by StaticPagesController#home as HTML
  Rendering static_pages/home.html.erb within layouts/application
  Rendered static_pages/home.html.erb within layouts/application (1.3ms)
  Rendered layouts/_shim.html.erb (0.4ms)
  Rendered layouts/_header.html.erb (1.4ms)
  Rendered layouts/_footer.html.erb (0.4ms)
Completed 200 OK in 488ms (Views: 322.8ms)


Started GET "/" for 127.0.0.1 at 2020-02-21 15:45:05 -0600
Processing by StaticPagesController#home as HTML
  Rendering static_pages/home.html.erb within layouts/application
  Rendered static_pages/home.html.erb within layouts/application (1.2ms)
  Rendered layouts/_shim.html.erb (0.5ms)
  Rendered layouts/_header.html.erb (1.6ms)
  Rendered layouts/_footer.html.erb (0.6ms)
Completed 200 OK in 452ms (Views: 284.3ms)


Started GET "/" for 127.0.0.1 at 2020-02-21 15:47:48 -0600
Processing by StaticPagesController#home as HTML
  Rendering static_pages/home.html.erb within layouts/application
  Rendered static_pages/home.html.erb within layouts/application (1.3ms)
  Rendered layouts/_shim.html.erb (0.5ms)
  Rendered layouts/_header.html.erb (1.7ms)
  Rendered layouts/_footer.html.erb (0.5ms)
Completed 200 OK in 428ms (Views: 271.5ms)


Started GET "/" for 127.0.0.1 at 2020-02-21 15:50:47 -0600
Processing by StaticPagesController#home as HTML
  Rendering static_pages/home.html.erb within layouts/application
  Rendered static_pages/home.html.erb within layouts/application (1.5ms)
  Rendered layouts/_shim.html.erb (0.4ms)
  Rendered layouts/_header.html.erb (1.4ms)
  Rendered layouts/_footer.html.erb (0.4ms)
Completed 200 OK in 443ms (Views: 264.0ms)


Started GET "/" for 127.0.0.1 at 2020-02-23 20:22:05 -0600
Processing by StaticPagesController#home as HTML
  Rendering static_pages/home.html.erb within layouts/application
  Rendered static_pages/home.html.erb within layouts/application (1.2ms)
  Rendered layouts/_shim.html.erb (0.4ms)
  Rendered layouts/_header.html.erb (1.2ms)
  Rendered layouts/_footer.html.erb (0.4ms)
Completed 200 OK in 410ms (Views: 250.4ms)


Started GET "/about" for 127.0.0.1 at 2020-02-23 20:22:07 -0600
Processing by StaticPagesController#about as HTML
  Rendering static_pages/about.html.erb within layouts/application
  Rendered static_pages/about.html.erb within layouts/application (0.4ms)
  Rendered layouts/_shim.html.erb (0.3ms)
  Rendered layouts/_header.html.erb (0.6ms)
  Rendered layouts/_footer.html.erb (0.2ms)
Completed 200 OK in 21ms (Views: 17.7ms)


Started GET "/gardens" for 127.0.0.1 at 2020-02-23 20:22:08 -0600
Processing by StaticPagesController#gardens as HTML
  Rendering static_pages/gardens.html.erb within layouts/application
  Rendered static_pages/gardens.html.erb within layouts/application (0.5ms)
  Rendered layouts/_shim.html.erb (0.2ms)
  Rendered layouts/_header.html.erb (0.5ms)
  Rendered layouts/_footer.html.erb (0.2ms)
Completed 200 OK in 20ms (Views: 17.5ms)


Started GET "/getinvolved" for 127.0.0.1 at 2020-02-23 20:22:09 -0600
Processing by StaticPagesController#getinvolved as HTML
  Rendering static_pages/getinvolved.html.erb within layouts/application
  Rendered static_pages/getinvolved.html.erb within layouts/application (0.3ms)
  Rendered layouts/_shim.html.erb (0.2ms)
  Rendered layouts/_header.html.erb (0.6ms)
  Rendered layouts/_footer.html.erb (0.2ms)
Completed 200 OK in 21ms (Views: 18.4ms)


Started GET "/about" for 127.0.0.1 at 2020-02-23 20:22:17 -0600
Processing by StaticPagesController#about as HTML
  Rendering static_pages/about.html.erb within layouts/application
  Rendered static_pages/about.html.erb within layouts/application (0.5ms)
  Rendered layouts/_shim.html.erb (0.2ms)
  Rendered layouts/_header.html.erb (0.5ms)
  Rendered layouts/_footer.html.erb (0.2ms)
Completed 200 OK in 27ms (Views: 25.6ms)


Started GET "/gardens" for 127.0.0.1 at 2020-02-23 20:22:19 -0600
Processing by StaticPagesController#gardens as HTML
  Rendering static_pages/gardens.html.erb within layouts/application
  Rendered static_pages/gardens.html.erb within layouts/application (0.4ms)
  Rendered layouts/_shim.html.erb (0.3ms)
  Rendered layouts/_header.html.erb (0.6ms)
  Rendered layouts/_footer.html.erb (0.2ms)
Completed 200 OK in 24ms (Views: 23.2ms)


Started GET "/home" for 127.0.0.1 at 2020-02-23 20:22:21 -0600
Processing by StaticPagesController#home as HTML
  Rendering static_pages/home.html.erb within layouts/application
  Rendered static_pages/home.html.erb within layouts/application (0.5ms)
  Rendered layouts/_shim.html.erb (0.3ms)
  Rendered layouts/_header.html.erb (0.6ms)
  Rendered layouts/_footer.html.erb (0.2ms)
Completed 200 OK in 22ms (Views: 20.2ms)


Started GET "/about" for 127.0.0.1 at 2020-02-23 20:22:24 -0600
Processing by StaticPagesController#about as HTML
  Rendering static_pages/about.html.erb within layouts/application
  Rendered static_pages/about.html.erb within layouts/application (0.4ms)
  Rendered layouts/_shim.html.erb (0.2ms)
  Rendered layouts/_header.html.erb (0.6ms)
  Rendered layouts/_footer.html.erb (0.2ms)
Completed 200 OK in 26ms (Views: 24.7ms)


Started GET "/gardens" for 127.0.0.1 at 2020-02-23 20:22:26 -0600
Processing by StaticPagesController#gardens as HTML
  Rendering static_pages/gardens.html.erb within layouts/application
  Rendered static_pages/gardens.html.erb within layouts/application (0.5ms)
  Rendered layouts/_shim.html.erb (0.2ms)
  Rendered layouts/_header.html.erb (0.8ms)
  Rendered layouts/_footer.html.erb (0.5ms)
Completed 200 OK in 24ms (Views: 22.7ms)


Started GET "/getinvolved" for 127.0.0.1 at 2020-02-23 20:22:27 -0600
Processing by StaticPagesController#getinvolved as HTML
  Rendering static_pages/getinvolved.html.erb within layouts/application
  Rendered static_pages/getinvolved.html.erb within layouts/application (0.4ms)
  Rendered layouts/_shim.html.erb (0.2ms)
  Rendered layouts/_header.html.erb (0.5ms)
  Rendered layouts/_footer.html.erb (0.2ms)
Completed 200 OK in 59ms (Views: 58.0ms)


Started GET "/getinvolved" for 127.0.0.1 at 2020-02-23 20:34:36 -0600
Processing by StaticPagesController#getinvolved as HTML
  Rendering static_pages/getinvolved.html.erb within layouts/application
  Rendered static_pages/getinvolved.html.erb within layouts/application (0.7ms)
  Rendered layouts/_shim.html.erb (0.4ms)
  Rendered layouts/_header.html.erb (1.3ms)
  Rendered layouts/_footer.html.erb (1.0ms)
Completed 200 OK in 416ms (Views: 253.1ms)


Started GET "/getinvolved" for 127.0.0.1 at 2020-02-23 20:35:16 -0600
Processing by StaticPagesController#getinvolved as HTML
  Rendering static_pages/getinvolved.html.erb within layouts/application
  Rendered static_pages/getinvolved.html.erb within layouts/application (1.5ms)
  Rendered layouts/_shim.html.erb (0.4ms)
  Rendered layouts/_header.html.erb (1.1ms)
  Rendered layouts/_footer.html.erb (0.3ms)
Completed 200 OK in 409ms (Views: 252.5ms)


Started GET "/getinvolved" for 127.0.0.1 at 2020-02-23 20:43:38 -0600
Processing by StaticPagesController#getinvolved as HTML
  Rendering static_pages/getinvolved.html.erb within layouts/application
  Rendered static_pages/getinvolved.html.erb within layouts/application (1.2ms)
  Rendered layouts/_shim.html.erb (0.4ms)
  Rendered layouts/_header.html.erb (1.2ms)
  Rendered layouts/_footer.html.erb (0.5ms)
Completed 200 OK in 416ms (Views: 258.0ms)


Started GET "/gardens" for 127.0.0.1 at 2020-02-23 20:43:43 -0600
Processing by StaticPagesController#gardens as HTML
  Rendering static_pages/gardens.html.erb within layouts/application
  Rendered static_pages/gardens.html.erb within layouts/application (0.5ms)
  Rendered layouts/_shim.html.erb (0.2ms)
  Rendered layouts/_header.html.erb (0.6ms)
  Rendered layouts/_footer.html.erb (0.2ms)
Completed 200 OK in 25ms (Views: 22.3ms)


Started GET "/about" for 127.0.0.1 at 2020-02-23 20:43:44 -0600
Processing by StaticPagesController#about as HTML
  Rendering static_pages/about.html.erb within layouts/application
  Rendered static_pages/about.html.erb within layouts/application (0.4ms)
  Rendered layouts/_shim.html.erb (0.4ms)
  Rendered layouts/_header.html.erb (0.7ms)
  Rendered layouts/_footer.html.erb (0.2ms)
Completed 200 OK in 20ms (Views: 18.2ms)


Started GET "/getinvolved" for 127.0.0.1 at 2020-02-23 20:43:45 -0600
Processing by StaticPagesController#getinvolved as HTML
  Rendering static_pages/getinvolved.html.erb within layouts/application
  Rendered static_pages/getinvolved.html.erb within layouts/application (0.5ms)
  Rendered layouts/_shim.html.erb (0.2ms)
  Rendered layouts/_header.html.erb (0.6ms)
  Rendered layouts/_footer.html.erb (0.2ms)
Completed 200 OK in 22ms (Views: 20.2ms)


Started GET "/home" for 127.0.0.1 at 2020-02-23 20:43:45 -0600
Processing by StaticPagesController#home as HTML
  Rendering static_pages/home.html.erb within layouts/application
  Rendered static_pages/home.html.erb within layouts/application (0.4ms)
  Rendered layouts/_shim.html.erb (0.2ms)
  Rendered layouts/_header.html.erb (0.5ms)
  Rendered layouts/_footer.html.erb (0.2ms)
Completed 200 OK in 19ms (Views: 18.0ms)


Started GET "/home" for 127.0.0.1 at 2020-02-23 20:44:27 -0600
Processing by StaticPagesController#home as HTML
  Rendering static_pages/home.html.erb within layouts/application
  Rendered static_pages/home.html.erb within layouts/application (1.4ms)
  Rendered layouts/_shim.html.erb (0.4ms)
  Rendered layouts/_header.html.erb (1.3ms)
  Rendered layouts/_footer.html.erb (0.4ms)
Completed 200 OK in 412ms (Views: 252.5ms)


Started GET "/home" for 127.0.0.1 at 2020-02-23 20:46:48 -0600
Processing by StaticPagesController#home as HTML
  Rendering static_pages/home.html.erb within layouts/application
  Rendered static_pages/home.html.erb within layouts/application (0.8ms)
  Rendered layouts/_shim.html.erb (0.3ms)
  Rendered layouts/_header.html.erb (0.9ms)
  Rendered layouts/_footer.html.erb (0.4ms)
Completed 200 OK in 437ms (Views: 263.3ms)


Started GET "/home" for 127.0.0.1 at 2020-02-23 20:47:29 -0600
Processing by StaticPagesController#home as HTML
  Rendering static_pages/home.html.erb within layouts/application
  Rendered static_pages/home.html.erb within layouts/application (2.1ms)
  Rendered layouts/_shim.html.erb (0.5ms)
  Rendered layouts/_header.html.erb (1.1ms)
  Rendered layouts/_footer.html.erb (0.4ms)
Completed 200 OK in 430ms (Views: 266.1ms)


Started GET "/gardens" for 127.0.0.1 at 2020-02-23 20:47:42 -0600
Processing by StaticPagesController#gardens as HTML
  Rendering static_pages/gardens.html.erb within layouts/application
  Rendered static_pages/gardens.html.erb within layouts/application (0.4ms)
  Rendered layouts/_shim.html.erb (0.2ms)
  Rendered layouts/_header.html.erb (0.7ms)
  Rendered layouts/_footer.html.erb (0.2ms)
Completed 200 OK in 19ms (Views: 17.3ms)


Started GET "/about" for 127.0.0.1 at 2020-02-23 20:47:43 -0600
Processing by StaticPagesController#about as HTML
  Rendering static_pages/about.html.erb within layouts/application
  Rendered static_pages/about.html.erb within layouts/application (0.4ms)
  Rendered layouts/_shim.html.erb (0.3ms)
  Rendered layouts/_header.html.erb (0.7ms)
  Rendered layouts/_footer.html.erb (0.2ms)
Completed 200 OK in 19ms (Views: 17.7ms)


Started GET "/home" for 127.0.0.1 at 2020-02-23 20:47:43 -0600
Processing by StaticPagesController#home as HTML
  Rendering static_pages/home.html.erb within layouts/application
  Rendered static_pages/home.html.erb within layouts/application (0.6ms)
  Rendered layouts/_shim.html.erb (0.2ms)
  Rendered layouts/_header.html.erb (0.7ms)
  Rendered layouts/_footer.html.erb (0.2ms)
Completed 200 OK in 26ms (Views: 24.3ms)


Started GET "/home" for 127.0.0.1 at 2020-02-23 20:48:51 -0600
Processing by StaticPagesController#home as HTML
  Rendering static_pages/home.html.erb within layouts/application
  Rendered static_pages/home.html.erb within layouts/application (1.3ms)
  Rendered layouts/_shim.html.erb (0.4ms)
  Rendered layouts/_header.html.erb (1.3ms)
  Rendered layouts/_footer.html.erb (0.5ms)
Completed 200 OK in 411ms (Views: 255.0ms)


Started GET "/" for 127.0.0.1 at 2020-02-23 20:49:43 -0600
Processing by StaticPagesController#home as HTML
  Rendering static_pages/home.html.erb within layouts/application
  Rendered static_pages/home.html.erb within layouts/application (1.1ms)
  Rendered layouts/_shim.html.erb (0.5ms)
  Rendered layouts/_header.html.erb (1.5ms)
  Rendered layouts/_footer.html.erb (0.4ms)
Completed 200 OK in 415ms (Views: 249.8ms)


Started GET "/" for 127.0.0.1 at 2020-02-23 21:00:15 -0600
Processing by StaticPagesController#home as HTML
  Rendering static_pages/home.html.erb within layouts/application
  Rendered static_pages/home.html.erb within layouts/application (1.3ms)
Completed 500 Internal Server Error in 381ms


  
ActionView::Template::Error (Invalid CSS after "$footer_gray ": expected ":", was "= LightGray"):
    4:     <title><%= expanded_title(yield(:title))%></title>
    5:     <%= csrf_meta_tags %>
    6: 
    7:     <%= stylesheet_link_tag    'application', media: 'all', 'data-turbolinks-track': 'reload' %>
    8:     <%= javascript_include_tag 'application', 'data-turbolinks-track': 'reload' %>
    9:     <%= render 'layouts/shim' %>
   10:   </head>
  
app/assets/stylesheets/footer.scss:4
app/views/layouts/application.html.erb:7:in `_app_views_layouts_application_html_erb___424262100771112419_70259055177880'
Started GET "/" for 127.0.0.1 at 2020-02-23 21:00:34 -0600
Processing by StaticPagesController#home as HTML
  Rendering static_pages/home.html.erb within layouts/application
  Rendered static_pages/home.html.erb within layouts/application (1.3ms)
Completed 500 Internal Server Error in 365ms


  
ActionView::Template::Error (Invalid CSS after "#footer ": expected selector or at-rule, was "{"):
    4:     <title><%= expanded_title(yield(:title))%></title>
    5:     <%= csrf_meta_tags %>
    6: 
    7:     <%= stylesheet_link_tag    'application', media: 'all', 'data-turbolinks-track': 'reload' %>
    8:     <%= javascript_include_tag 'application', 'data-turbolinks-track': 'reload' %>
    9:     <%= render 'layouts/shim' %>
   10:   </head>
  
app/assets/stylesheets/footer.scss:6
app/views/layouts/application.html.erb:7:in `_app_views_layouts_application_html_erb__1525603723030551858_70136913921660'
Started GET "/" for 127.0.0.1 at 2020-02-23 21:00:51 -0600
Processing by StaticPagesController#home as HTML
  Rendering static_pages/home.html.erb within layouts/application
  Rendered static_pages/home.html.erb within layouts/application (1.3ms)
  Rendered layouts/_shim.html.erb (0.4ms)
  Rendered layouts/_header.html.erb (1.3ms)
  Rendered layouts/_footer.html.erb (0.4ms)
Completed 200 OK in 397ms (Views: 247.0ms)


Started GET "/about" for 127.0.0.1 at 2020-02-23 21:02:16 -0600
Processing by StaticPagesController#about as HTML
  Rendering static_pages/about.html.erb within layouts/application
  Rendered static_pages/about.html.erb within layouts/application (1.0ms)
  Rendered layouts/_shim.html.erb (0.3ms)
  Rendered layouts/_header.html.erb (0.9ms)
  Rendered layouts/_footer.html.erb (0.2ms)
Completed 200 OK in 23ms (Views: 22.1ms)


Started GET "/gardens" for 127.0.0.1 at 2020-02-23 21:02:17 -0600
Processing by StaticPagesController#gardens as HTML
  Rendering static_pages/gardens.html.erb within layouts/application
  Rendered static_pages/gardens.html.erb within layouts/application (0.5ms)
  Rendered layouts/_shim.html.erb (0.9ms)
  Rendered layouts/_header.html.erb (1.2ms)
  Rendered layouts/_footer.html.erb (0.3ms)
Completed 200 OK in 22ms (Views: 20.3ms)


Started GET "/" for 127.0.0.1 at 2020-02-23 21:39:17 -0600
Processing by StaticPagesController#home as HTML
  Rendering static_pages/home.html.erb within layouts/application
  Rendered static_pages/home.html.erb within layouts/application (1.2ms)
  Rendered layouts/_shim.html.erb (0.4ms)
  Rendered layouts/_header.html.erb (1.2ms)
  Rendered layouts/_footer.html.erb (0.4ms)
Completed 200 OK in 405ms (Views: 245.7ms)


Started GET "/" for 127.0.0.1 at 2020-02-23 21:40:31 -0600
Processing by StaticPagesController#home as HTML
  Rendering static_pages/home.html.erb within layouts/application
  Rendered static_pages/home.html.erb within layouts/application (1.3ms)
  Rendered layouts/_shim.html.erb (0.4ms)
  Rendered layouts/_header.html.erb (1.3ms)
  Rendered layouts/_footer.html.erb (0.5ms)
Completed 200 OK in 411ms (Views: 252.8ms)


Started GET "/" for 127.0.0.1 at 2020-02-24 08:30:41 -0600
Processing by StaticPagesController#home as HTML
  Rendering static_pages/home.html.erb within layouts/application
  Rendered static_pages/home.html.erb within layouts/application (0.8ms)
  Rendered layouts/_shim.html.erb (0.3ms)
  Rendered layouts/_header.html.erb (1.0ms)
  Rendered layouts/_footer.html.erb (0.4ms)
Completed 200 OK in 409ms (Views: 238.4ms)


Started GET "/" for 127.0.0.1 at 2020-02-24 08:32:44 -0600
Processing by StaticPagesController#home as HTML
  Rendering static_pages/home.html.erb within layouts/application
  Rendered static_pages/home.html.erb within layouts/application (1.4ms)
  Rendered layouts/_shim.html.erb (0.4ms)
  Rendered layouts/_header.html.erb (1.2ms)
  Rendered layouts/_footer.html.erb (0.4ms)
Completed 200 OK in 447ms (Views: 281.7ms)


Started GET "/gardens" for 127.0.0.1 at 2020-02-24 08:33:23 -0600
Processing by StaticPagesController#gardens as HTML
  Rendering static_pages/gardens.html.erb within layouts/application
  Rendered static_pages/gardens.html.erb within layouts/application (0.4ms)
  Rendered layouts/_shim.html.erb (0.2ms)
  Rendered layouts/_header.html.erb (0.8ms)
  Rendered layouts/_footer.html.erb (0.2ms)
Completed 200 OK in 23ms (Views: 21.8ms)


Started GET "/getinvolved" for 127.0.0.1 at 2020-02-24 08:33:24 -0600
Processing by StaticPagesController#getinvolved as HTML
  Rendering static_pages/getinvolved.html.erb within layouts/application
  Rendered static_pages/getinvolved.html.erb within layouts/application (0.5ms)
  Rendered layouts/_shim.html.erb (0.3ms)
  Rendered layouts/_header.html.erb (0.7ms)
  Rendered layouts/_footer.html.erb (0.3ms)
Completed 200 OK in 22ms (Views: 20.6ms)


Started GET "/about" for 127.0.0.1 at 2020-02-24 08:33:25 -0600
Processing by StaticPagesController#about as HTML
  Rendering static_pages/about.html.erb within layouts/application
  Rendered static_pages/about.html.erb within layouts/application (0.3ms)
  Rendered layouts/_shim.html.erb (0.4ms)
  Rendered layouts/_header.html.erb (0.8ms)
  Rendered layouts/_footer.html.erb (0.2ms)
Completed 200 OK in 30ms (Views: 29.0ms)


Started GET "/gardens" for 127.0.0.1 at 2020-02-24 08:34:08 -0600
Processing by StaticPagesController#gardens as HTML
  Rendering static_pages/gardens.html.erb within layouts/application
  Rendered static_pages/gardens.html.erb within layouts/application (0.5ms)
  Rendered layouts/_shim.html.erb (0.2ms)
  Rendered layouts/_header.html.erb (0.6ms)
  Rendered layouts/_footer.html.erb (0.2ms)
Completed 200 OK in 24ms (Views: 23.0ms)


Started GET "/home" for 127.0.0.1 at 2020-02-24 08:34:09 -0600
Processing by StaticPagesController#home as HTML
  Rendering static_pages/home.html.erb within layouts/application
  Rendered static_pages/home.html.erb within layouts/application (0.4ms)
  Rendered layouts/_shim.html.erb (0.3ms)
  Rendered layouts/_header.html.erb (0.6ms)
  Rendered layouts/_footer.html.erb (0.2ms)
Completed 200 OK in 20ms (Views: 19.0ms)


Started GET "/about" for 127.0.0.1 at 2020-02-24 08:34:18 -0600
Processing by StaticPagesController#about as HTML
  Rendering static_pages/about.html.erb within layouts/application
  Rendered static_pages/about.html.erb within layouts/application (0.4ms)
  Rendered layouts/_shim.html.erb (0.2ms)
  Rendered layouts/_header.html.erb (0.6ms)
  Rendered layouts/_footer.html.erb (0.2ms)
Completed 200 OK in 18ms (Views: 17.1ms)


Started GET "/about" for 127.0.0.1 at 2020-02-24 08:40:21 -0600
Processing by StaticPagesController#about as HTML
  Rendering static_pages/about.html.erb within layouts/application
  Rendered static_pages/about.html.erb within layouts/application (1.3ms)
  Rendered layouts/_shim.html.erb (0.3ms)
  Rendered layouts/_header.html.erb (1.3ms)
  Rendered layouts/_footer.html.erb (0.4ms)
Completed 200 OK in 448ms (Views: 294.0ms)


Started GET "/gardens" for 127.0.0.1 at 2020-02-24 08:40:26 -0600
Processing by StaticPagesController#gardens as HTML
  Rendering static_pages/gardens.html.erb within layouts/application
  Rendered static_pages/gardens.html.erb within layouts/application (0.4ms)
  Rendered layouts/_shim.html.erb (0.4ms)
  Rendered layouts/_header.html.erb (1.9ms)
  Rendered layouts/_footer.html.erb (0.2ms)
Completed 200 OK in 21ms (Views: 19.6ms)


Started GET "/getinvolved" for 127.0.0.1 at 2020-02-24 08:40:29 -0600
Processing by StaticPagesController#getinvolved as HTML
  Rendering static_pages/getinvolved.html.erb within layouts/application
  Rendered static_pages/getinvolved.html.erb within layouts/application (0.4ms)
  Rendered layouts/_shim.html.erb (0.3ms)
  Rendered layouts/_header.html.erb (0.7ms)
  Rendered layouts/_footer.html.erb (0.2ms)
Completed 200 OK in 20ms (Views: 18.6ms)


Started GET "/home" for 127.0.0.1 at 2020-02-24 08:40:31 -0600
Processing by StaticPagesController#home as HTML
  Rendering static_pages/home.html.erb within layouts/application
  Rendered static_pages/home.html.erb within layouts/application (0.6ms)
  Rendered layouts/_shim.html.erb (0.2ms)
  Rendered layouts/_header.html.erb (0.8ms)
  Rendered layouts/_footer.html.erb (0.3ms)
Completed 200 OK in 19ms (Views: 17.5ms)


Started GET "/about" for 127.0.0.1 at 2020-02-24 08:40:32 -0600
Processing by StaticPagesController#about as HTML
  Rendering static_pages/about.html.erb within layouts/application
  Rendered static_pages/about.html.erb within layouts/application (0.5ms)
  Rendered layouts/_shim.html.erb (0.7ms)
  Rendered layouts/_header.html.erb (2.1ms)
  Rendered layouts/_footer.html.erb (0.5ms)
Completed 200 OK in 26ms (Views: 24.2ms)


Started GET "/about" for 127.0.0.1 at 2020-02-24 08:41:13 -0600
Processing by StaticPagesController#about as HTML
  Rendering static_pages/about.html.erb within layouts/application
  Rendered static_pages/about.html.erb within layouts/application (1.4ms)
  Rendered layouts/_shim.html.erb (0.4ms)
  Rendered layouts/_header.html.erb (1.5ms)
  Rendered layouts/_footer.html.erb (0.5ms)
Completed 200 OK in 474ms (Views: 292.8ms)


Started GET "/gardens" for 127.0.0.1 at 2020-02-24 08:41:16 -0600
Processing by StaticPagesController#gardens as HTML
  Rendering static_pages/gardens.html.erb within layouts/application
  Rendered static_pages/gardens.html.erb within layouts/application (0.5ms)
  Rendered layouts/_shim.html.erb (0.3ms)
  Rendered layouts/_header.html.erb (0.7ms)
  Rendered layouts/_footer.html.erb (0.2ms)
Completed 200 OK in 23ms (Views: 21.8ms)


Started GET "/home" for 127.0.0.1 at 2020-02-24 08:41:18 -0600
Processing by StaticPagesController#home as HTML
  Rendering static_pages/home.html.erb within layouts/application
  Rendered static_pages/home.html.erb within layouts/application (0.7ms)
  Rendered layouts/_shim.html.erb (0.6ms)
  Rendered layouts/_header.html.erb (0.6ms)
  Rendered layouts/_footer.html.erb (0.3ms)
Completed 200 OK in 20ms (Views: 18.6ms)


Started GET "/home" for 127.0.0.1 at 2020-02-24 08:42:17 -0600
Processing by StaticPagesController#home as HTML
  Rendering static_pages/home.html.erb within layouts/application
  Rendered static_pages/home.html.erb within layouts/application (0.7ms)
  Rendered layouts/_shim.html.erb (0.5ms)
  Rendered layouts/_header.html.erb (1.4ms)
  Rendered layouts/_footer.html.erb (0.5ms)
Completed 200 OK in 437ms (Views: 284.0ms)


Started GET "/about" for 127.0.0.1 at 2020-02-24 08:42:20 -0600
Processing by StaticPagesController#about as HTML
  Rendering static_pages/about.html.erb within layouts/application
  Rendered static_pages/about.html.erb within layouts/application (0.3ms)
  Rendered layouts/_shim.html.erb (0.4ms)
  Rendered layouts/_header.html.erb (1.3ms)
  Rendered layouts/_footer.html.erb (0.4ms)
Completed 200 OK in 24ms (Views: 22.4ms)


Started GET "/gardens" for 127.0.0.1 at 2020-02-24 08:42:20 -0600
Processing by StaticPagesController#gardens as HTML
  Rendering static_pages/gardens.html.erb within layouts/application
  Rendered static_pages/gardens.html.erb within layouts/application (0.4ms)
  Rendered layouts/_shim.html.erb (0.2ms)
  Rendered layouts/_header.html.erb (0.7ms)
  Rendered layouts/_footer.html.erb (0.3ms)
Completed 200 OK in 18ms (Views: 17.0ms)


Started GET "/getinvolved" for 127.0.0.1 at 2020-02-24 08:42:21 -0600
Processing by StaticPagesController#getinvolved as HTML
  Rendering static_pages/getinvolved.html.erb within layouts/application
  Rendered static_pages/getinvolved.html.erb within layouts/application (0.5ms)
  Rendered layouts/_shim.html.erb (0.3ms)
  Rendered layouts/_header.html.erb (0.6ms)
  Rendered layouts/_footer.html.erb (0.2ms)
Completed 200 OK in 18ms (Views: 17.0ms)


Started GET "/gardens" for 127.0.0.1 at 2020-02-24 08:42:22 -0600
Processing by StaticPagesController#gardens as HTML
  Rendering static_pages/gardens.html.erb within layouts/application
  Rendered static_pages/gardens.html.erb within layouts/application (0.3ms)
  Rendered layouts/_shim.html.erb (0.2ms)
  Rendered layouts/_header.html.erb (0.5ms)
  Rendered layouts/_footer.html.erb (0.3ms)
Completed 200 OK in 22ms (Views: 20.6ms)


Started GET "/about" for 127.0.0.1 at 2020-02-24 08:42:23 -0600
Processing by StaticPagesController#about as HTML
  Rendering static_pages/about.html.erb within layouts/application
  Rendered static_pages/about.html.erb within layouts/application (0.4ms)
  Rendered layouts/_shim.html.erb (0.4ms)
  Rendered layouts/_header.html.erb (0.6ms)
  Rendered layouts/_footer.html.erb (0.3ms)
Completed 200 OK in 22ms (Views: 21.0ms)


Started GET "/home" for 127.0.0.1 at 2020-02-24 08:42:24 -0600
Processing by StaticPagesController#home as HTML
  Rendering static_pages/home.html.erb within layouts/application
  Rendered static_pages/home.html.erb within layouts/application (0.4ms)
  Rendered layouts/_shim.html.erb (0.2ms)
  Rendered layouts/_header.html.erb (0.5ms)
  Rendered layouts/_footer.html.erb (0.2ms)
Completed 200 OK in 24ms (Views: 23.0ms)


Started GET "/gardens" for 127.0.0.1 at 2020-02-24 08:42:26 -0600
Processing by StaticPagesController#gardens as HTML
  Rendering static_pages/gardens.html.erb within layouts/application
  Rendered static_pages/gardens.html.erb within layouts/application (0.7ms)
  Rendered layouts/_shim.html.erb (0.3ms)
  Rendered layouts/_header.html.erb (0.6ms)
  Rendered layouts/_footer.html.erb (0.2ms)
Completed 200 OK in 25ms (Views: 23.0ms)


Started GET "/gardens" for 127.0.0.1 at 2020-02-24 12:34:25 -0600
Processing by StaticPagesController#gardens as HTML
  Rendering static_pages/gardens.html.erb within layouts/application
  Rendered static_pages/gardens.html.erb within layouts/application (0.7ms)
  Rendered layouts/_shim.html.erb (0.4ms)
  Rendered layouts/_header.html.erb (1.5ms)
  Rendered layouts/_footer.html.erb (0.4ms)
Completed 200 OK in 419ms (Views: 265.4ms)


Started GET "/about" for 127.0.0.1 at 2020-02-24 12:34:28 -0600
Processing by StaticPagesController#about as HTML
  Rendering static_pages/about.html.erb within layouts/application
  Rendered static_pages/about.html.erb within layouts/application (0.4ms)
  Rendered layouts/_shim.html.erb (0.2ms)
  Rendered layouts/_header.html.erb (0.7ms)
  Rendered layouts/_footer.html.erb (0.2ms)
Completed 200 OK in 19ms (Views: 18.0ms)


Started GET "/home" for 127.0.0.1 at 2020-02-24 12:34:29 -0600
Processing by StaticPagesController#home as HTML
  Rendering static_pages/home.html.erb within layouts/application
  Rendered static_pages/home.html.erb within layouts/application (0.4ms)
  Rendered layouts/_shim.html.erb (0.5ms)
  Rendered layouts/_header.html.erb (0.9ms)
  Rendered layouts/_footer.html.erb (0.2ms)
Completed 200 OK in 20ms (Views: 18.3ms)


Started GET "/about" for 127.0.0.1 at 2020-02-24 12:34:30 -0600
Processing by StaticPagesController#about as HTML
  Rendering static_pages/about.html.erb within layouts/application
  Rendered static_pages/about.html.erb within layouts/application (0.5ms)
  Rendered layouts/_shim.html.erb (0.2ms)
  Rendered layouts/_header.html.erb (0.6ms)
  Rendered layouts/_footer.html.erb (0.2ms)
Completed 200 OK in 23ms (Views: 22.1ms)


Started GET "/gardens" for 127.0.0.1 at 2020-02-24 12:34:31 -0600
Processing by StaticPagesController#gardens as HTML
  Rendering static_pages/gardens.html.erb within layouts/application
  Rendered static_pages/gardens.html.erb within layouts/application (0.5ms)
  Rendered layouts/_shim.html.erb (0.2ms)
  Rendered layouts/_header.html.erb (1.3ms)
  Rendered layouts/_footer.html.erb (0.7ms)
Completed 200 OK in 22ms (Views: 19.7ms)


Started GET "/home" for 127.0.0.1 at 2020-02-24 12:34:32 -0600
Processing by StaticPagesController#home as HTML
  Rendering static_pages/home.html.erb within layouts/application
  Rendered static_pages/home.html.erb within layouts/application (1.3ms)
  Rendered layouts/_shim.html.erb (0.2ms)
  Rendered layouts/_header.html.erb (0.5ms)
  Rendered layouts/_footer.html.erb (0.2ms)
Completed 200 OK in 26ms (Views: 24.7ms)


Started GET "/getinvolved" for 127.0.0.1 at 2020-02-24 12:34:35 -0600
Processing by StaticPagesController#getinvolved as HTML
  Rendering static_pages/getinvolved.html.erb within layouts/application
  Rendered static_pages/getinvolved.html.erb within layouts/application (0.5ms)
  Rendered layouts/_shim.html.erb (0.3ms)
  Rendered layouts/_header.html.erb (1.3ms)
  Rendered layouts/_footer.html.erb (0.2ms)
Completed 200 OK in 24ms (Views: 22.4ms)


Started GET "/home" for 127.0.0.1 at 2020-02-24 12:34:35 -0600
Processing by StaticPagesController#home as HTML
  Rendering static_pages/home.html.erb within layouts/application
  Rendered static_pages/home.html.erb within layouts/application (0.4ms)
  Rendered layouts/_shim.html.erb (0.2ms)
  Rendered layouts/_header.html.erb (0.5ms)
  Rendered layouts/_footer.html.erb (0.2ms)
Completed 200 OK in 21ms (Views: 20.2ms)


Started GET "/gardens" for 127.0.0.1 at 2020-02-24 12:34:43 -0600
Processing by StaticPagesController#gardens as HTML
  Rendering static_pages/gardens.html.erb within layouts/application
  Rendered static_pages/gardens.html.erb within layouts/application (0.4ms)
  Rendered layouts/_shim.html.erb (0.3ms)
  Rendered layouts/_header.html.erb (0.7ms)
  Rendered layouts/_footer.html.erb (0.2ms)
Completed 200 OK in 29ms (Views: 27.3ms)


Started GET "/getinvolved" for 127.0.0.1 at 2020-02-24 12:34:43 -0600
Processing by StaticPagesController#getinvolved as HTML
  Rendering static_pages/getinvolved.html.erb within layouts/application
  Rendered static_pages/getinvolved.html.erb within layouts/application (0.5ms)
  Rendered layouts/_shim.html.erb (0.2ms)
  Rendered layouts/_header.html.erb (0.6ms)
  Rendered layouts/_footer.html.erb (0.2ms)
Completed 200 OK in 27ms (Views: 24.9ms)


Started GET "/about" for 127.0.0.1 at 2020-02-24 12:34:45 -0600
Processing by StaticPagesController#about as HTML
  Rendering static_pages/about.html.erb within layouts/application
  Rendered static_pages/about.html.erb within layouts/application (0.4ms)
  Rendered layouts/_shim.html.erb (0.2ms)
  Rendered layouts/_header.html.erb (0.6ms)
  Rendered layouts/_footer.html.erb (0.3ms)
Completed 200 OK in 51ms (Views: 49.2ms)


Started GET "/getinvolved" for 127.0.0.1 at 2020-02-24 12:34:58 -0600
Processing by StaticPagesController#getinvolved as HTML
  Rendering static_pages/getinvolved.html.erb within layouts/application
  Rendered static_pages/getinvolved.html.erb within layouts/application (0.4ms)
  Rendered layouts/_shim.html.erb (0.6ms)
  Rendered layouts/_header.html.erb (0.6ms)
  Rendered layouts/_footer.html.erb (0.2ms)
Completed 200 OK in 26ms (Views: 24.5ms)


Started GET "/about" for 127.0.0.1 at 2020-02-24 12:34:59 -0600
Processing by StaticPagesController#about as HTML
  Rendering static_pages/about.html.erb within layouts/application
  Rendered static_pages/about.html.erb within layouts/application (0.5ms)
  Rendered layouts/_shim.html.erb (0.2ms)
  Rendered layouts/_header.html.erb (0.6ms)
  Rendered layouts/_footer.html.erb (0.2ms)
Completed 200 OK in 22ms (Views: 20.8ms)


Started GET "/gardens" for 127.0.0.1 at 2020-02-24 12:35:00 -0600
Processing by StaticPagesController#gardens as HTML
  Rendering static_pages/gardens.html.erb within layouts/application
  Rendered static_pages/gardens.html.erb within layouts/application (0.4ms)
  Rendered layouts/_shim.html.erb (0.3ms)
  Rendered layouts/_header.html.erb (0.6ms)
  Rendered layouts/_footer.html.erb (0.2ms)
Completed 200 OK in 20ms (Views: 18.5ms)


Started GET "/home" for 127.0.0.1 at 2020-02-24 12:35:01 -0600
Processing by StaticPagesController#home as HTML
  Rendering static_pages/home.html.erb within layouts/application
  Rendered static_pages/home.html.erb within layouts/application (0.6ms)
  Rendered layouts/_shim.html.erb (0.2ms)
  Rendered layouts/_header.html.erb (0.9ms)
  Rendered layouts/_footer.html.erb (0.3ms)
Completed 200 OK in 19ms (Views: 17.7ms)


Started GET "/about" for 127.0.0.1 at 2020-02-24 12:37:30 -0600
Processing by StaticPagesController#about as HTML
  Rendering static_pages/about.html.erb within layouts/application
  Rendered static_pages/about.html.erb within layouts/application (1.4ms)
  Rendered layouts/_shim.html.erb (0.5ms)
  Rendered layouts/_header.html.erb (1.5ms)
  Rendered layouts/_footer.html.erb (0.4ms)
Completed 200 OK in 445ms (Views: 282.4ms)


Started GET "/gardens" for 127.0.0.1 at 2020-02-24 12:37:32 -0600
Processing by StaticPagesController#gardens as HTML
  Rendering static_pages/gardens.html.erb within layouts/application
  Rendered static_pages/gardens.html.erb within layouts/application (0.7ms)
  Rendered layouts/_shim.html.erb (0.5ms)
  Rendered layouts/_header.html.erb (0.7ms)
  Rendered layouts/_footer.html.erb (0.3ms)
Completed 200 OK in 24ms (Views: 23.6ms)


Started GET "/getinvolved" for 127.0.0.1 at 2020-02-24 12:37:33 -0600
Processing by StaticPagesController#getinvolved as HTML
  Rendering static_pages/getinvolved.html.erb within layouts/application
  Rendered static_pages/getinvolved.html.erb within layouts/application (0.5ms)
  Rendered layouts/_shim.html.erb (0.3ms)
  Rendered layouts/_header.html.erb (0.6ms)
  Rendered layouts/_footer.html.erb (0.2ms)
Completed 200 OK in 21ms (Views: 18.9ms)


Started GET "/home" for 127.0.0.1 at 2020-02-24 12:37:38 -0600
Processing by StaticPagesController#home as HTML
  Rendering static_pages/home.html.erb within layouts/application
  Rendered static_pages/home.html.erb within layouts/application (0.4ms)
  Rendered layouts/_shim.html.erb (0.5ms)
  Rendered layouts/_header.html.erb (0.7ms)
  Rendered layouts/_footer.html.erb (0.2ms)
Completed 200 OK in 33ms (Views: 30.8ms)


Started GET "/about" for 127.0.0.1 at 2020-02-24 12:37:38 -0600
Processing by StaticPagesController#about as HTML
  Rendering static_pages/about.html.erb within layouts/application
  Rendered static_pages/about.html.erb within layouts/application (0.3ms)
  Rendered layouts/_shim.html.erb (0.2ms)
  Rendered layouts/_header.html.erb (0.6ms)
  Rendered layouts/_footer.html.erb (0.2ms)
Completed 200 OK in 22ms (Views: 20.1ms)


Started GET "/gardens" for 127.0.0.1 at 2020-02-24 12:37:39 -0600
Processing by StaticPagesController#gardens as HTML
  Rendering static_pages/gardens.html.erb within layouts/application
  Rendered static_pages/gardens.html.erb within layouts/application (0.5ms)
  Rendered layouts/_shim.html.erb (0.3ms)
  Rendered layouts/_header.html.erb (0.9ms)
  Rendered layouts/_footer.html.erb (0.3ms)
Completed 200 OK in 28ms (Views: 26.9ms)


Started GET "/getinvolved" for 127.0.0.1 at 2020-02-24 12:37:40 -0600
Processing by StaticPagesController#getinvolved as HTML
  Rendering static_pages/getinvolved.html.erb within layouts/application
  Rendered static_pages/getinvolved.html.erb within layouts/application (0.6ms)
  Rendered layouts/_shim.html.erb (0.3ms)
  Rendered layouts/_header.html.erb (0.6ms)
  Rendered layouts/_footer.html.erb (0.2ms)
Completed 200 OK in 30ms (Views: 29.0ms)


Started GET "/getinvolved" for 127.0.0.1 at 2020-02-24 12:38:21 -0600
Processing by StaticPagesController#getinvolved as HTML
  Rendering static_pages/getinvolved.html.erb within layouts/application
  Rendered static_pages/getinvolved.html.erb within layouts/application (1.4ms)
  Rendered layouts/_shim.html.erb (0.5ms)
  Rendered layouts/_header.html.erb (1.2ms)
  Rendered layouts/_footer.html.erb (0.4ms)
Completed 200 OK in 430ms (Views: 267.5ms)


Started GET "/gardens" for 127.0.0.1 at 2020-02-24 12:38:24 -0600
Processing by StaticPagesController#gardens as HTML
  Rendering static_pages/gardens.html.erb within layouts/application
  Rendered static_pages/gardens.html.erb within layouts/application (0.4ms)
  Rendered layouts/_shim.html.erb (0.3ms)
  Rendered layouts/_header.html.erb (0.7ms)
  Rendered layouts/_footer.html.erb (0.2ms)
Completed 200 OK in 19ms (Views: 18.2ms)


Started GET "/about" for 127.0.0.1 at 2020-02-24 12:38:25 -0600
Processing by StaticPagesController#about as HTML
  Rendering static_pages/about.html.erb within layouts/application
  Rendered static_pages/about.html.erb within layouts/application (1.0ms)
  Rendered layouts/_shim.html.erb (0.2ms)
  Rendered layouts/_header.html.erb (1.5ms)
  Rendered layouts/_footer.html.erb (0.3ms)
Completed 200 OK in 24ms (Views: 22.4ms)


Started GET "/home" for 127.0.0.1 at 2020-02-24 12:38:25 -0600
Processing by StaticPagesController#home as HTML
  Rendering static_pages/home.html.erb within layouts/application
  Rendered static_pages/home.html.erb within layouts/application (0.4ms)
  Rendered layouts/_shim.html.erb (0.3ms)
  Rendered layouts/_header.html.erb (0.6ms)
  Rendered layouts/_footer.html.erb (0.2ms)
Completed 200 OK in 20ms (Views: 18.9ms)


Started GET "/gardens" for 127.0.0.1 at 2020-02-24 12:38:26 -0600
Processing by StaticPagesController#gardens as HTML
  Rendering static_pages/gardens.html.erb within layouts/application
  Rendered static_pages/gardens.html.erb within layouts/application (0.6ms)
  Rendered layouts/_shim.html.erb (0.2ms)
  Rendered layouts/_header.html.erb (1.1ms)
  Rendered layouts/_footer.html.erb (0.2ms)
Completed 200 OK in 28ms (Views: 26.3ms)


Started GET "/getinvolved" for 127.0.0.1 at 2020-02-24 12:38:26 -0600
Processing by StaticPagesController#getinvolved as HTML
  Rendering static_pages/getinvolved.html.erb within layouts/application
  Rendered static_pages/getinvolved.html.erb within layouts/application (0.4ms)
  Rendered layouts/_shim.html.erb (0.3ms)
  Rendered layouts/_header.html.erb (1.0ms)
  Rendered layouts/_footer.html.erb (0.3ms)
Completed 200 OK in 29ms (Views: 28.0ms)


Started GET "/gardens" for 127.0.0.1 at 2020-02-24 12:38:27 -0600
Processing by StaticPagesController#gardens as HTML
  Rendering static_pages/gardens.html.erb within layouts/application
  Rendered static_pages/gardens.html.erb within layouts/application (0.5ms)
  Rendered layouts/_shim.html.erb (0.6ms)
  Rendered layouts/_header.html.erb (0.7ms)
  Rendered layouts/_footer.html.erb (0.2ms)
Completed 200 OK in 21ms (Views: 19.5ms)


Started GET "/about" for 127.0.0.1 at 2020-02-24 12:38:28 -0600
Processing by StaticPagesController#about as HTML
  Rendering static_pages/about.html.erb within layouts/application
  Rendered static_pages/about.html.erb within layouts/application (0.4ms)
  Rendered layouts/_shim.html.erb (0.3ms)
  Rendered layouts/_header.html.erb (0.6ms)
  Rendered layouts/_footer.html.erb (0.3ms)
Completed 200 OK in 26ms (Views: 25.1ms)


Started GET "/home" for 127.0.0.1 at 2020-02-24 12:38:28 -0600
Processing by StaticPagesController#home as HTML
  Rendering static_pages/home.html.erb within layouts/application
  Rendered static_pages/home.html.erb within layouts/application (0.7ms)
  Rendered layouts/_shim.html.erb (0.3ms)
  Rendered layouts/_header.html.erb (0.7ms)
  Rendered layouts/_footer.html.erb (0.2ms)
Completed 200 OK in 25ms (Views: 24.0ms)


Started GET "/about" for 127.0.0.1 at 2020-02-24 12:38:29 -0600
Processing by StaticPagesController#about as HTML
  Rendering static_pages/about.html.erb within layouts/application
  Rendered static_pages/about.html.erb within layouts/application (0.7ms)
  Rendered layouts/_shim.html.erb (0.2ms)
  Rendered layouts/_header.html.erb (0.5ms)
  Rendered layouts/_footer.html.erb (0.2ms)
Completed 200 OK in 27ms (Views: 25.3ms)


Started GET "/gardens" for 127.0.0.1 at 2020-02-24 12:38:29 -0600
Processing by StaticPagesController#gardens as HTML
  Rendering static_pages/gardens.html.erb within layouts/application
  Rendered static_pages/gardens.html.erb within layouts/application (0.8ms)
  Rendered layouts/_shim.html.erb (0.4ms)
  Rendered layouts/_header.html.erb (0.6ms)
  Rendered layouts/_footer.html.erb (0.2ms)
Completed 200 OK in 49ms (Views: 47.0ms)


Started GET "/getinvolved" for 127.0.0.1 at 2020-02-24 12:38:30 -0600
Processing by StaticPagesController#getinvolved as HTML
  Rendering static_pages/getinvolved.html.erb within layouts/application
  Rendered static_pages/getinvolved.html.erb within layouts/application (0.9ms)
  Rendered layouts/_shim.html.erb (0.2ms)
  Rendered layouts/_header.html.erb (0.5ms)
  Rendered layouts/_footer.html.erb (0.2ms)
Completed 200 OK in 23ms (Views: 21.7ms)


Started GET "/about" for 127.0.0.1 at 2020-02-24 12:38:31 -0600
Processing by StaticPagesController#about as HTML
  Rendering static_pages/about.html.erb within layouts/application
  Rendered static_pages/about.html.erb within layouts/application (0.4ms)
  Rendered layouts/_shim.html.erb (0.2ms)
  Rendered layouts/_header.html.erb (0.8ms)
  Rendered layouts/_footer.html.erb (0.2ms)
Completed 200 OK in 20ms (Views: 18.8ms)


Started GET "/home" for 127.0.0.1 at 2020-02-24 12:38:31 -0600
Processing by StaticPagesController#home as HTML
  Rendering static_pages/home.html.erb within layouts/application
  Rendered static_pages/home.html.erb within layouts/application (0.9ms)
  Rendered layouts/_shim.html.erb (0.2ms)
  Rendered layouts/_header.html.erb (0.5ms)
  Rendered layouts/_footer.html.erb (0.2ms)
Completed 200 OK in 22ms (Views: 20.9ms)


Started GET "/about" for 127.0.0.1 at 2020-02-24 12:38:33 -0600
Processing by StaticPagesController#about as HTML
  Rendering static_pages/about.html.erb within layouts/application
  Rendered static_pages/about.html.erb within layouts/application (0.4ms)
  Rendered layouts/_shim.html.erb (0.2ms)
  Rendered layouts/_header.html.erb (0.6ms)
  Rendered layouts/_footer.html.erb (0.2ms)
Completed 200 OK in 22ms (Views: 20.9ms)


Started GET "/gardens" for 127.0.0.1 at 2020-02-24 12:38:33 -0600
Processing by StaticPagesController#gardens as HTML
  Rendering static_pages/gardens.html.erb within layouts/application
  Rendered static_pages/gardens.html.erb within layouts/application (0.3ms)
  Rendered layouts/_shim.html.erb (0.3ms)
  Rendered layouts/_header.html.erb (0.8ms)
  Rendered layouts/_footer.html.erb (0.2ms)
Completed 200 OK in 21ms (Views: 19.6ms)


Started GET "/getinvolved" for 127.0.0.1 at 2020-02-24 12:38:34 -0600
Processing by StaticPagesController#getinvolved as HTML
  Rendering static_pages/getinvolved.html.erb within layouts/application
  Rendered static_pages/getinvolved.html.erb within layouts/application (0.5ms)
  Rendered layouts/_shim.html.erb (0.2ms)
  Rendered layouts/_header.html.erb (0.7ms)
  Rendered layouts/_footer.html.erb (0.3ms)
Completed 200 OK in 20ms (Views: 18.4ms)


Started GET "/getinvolved" for 127.0.0.1 at 2020-02-24 12:39:05 -0600
Processing by StaticPagesController#getinvolved as HTML
  Rendering static_pages/getinvolved.html.erb within layouts/application
  Rendered static_pages/getinvolved.html.erb within layouts/application (0.8ms)
  Rendered layouts/_shim.html.erb (0.4ms)
  Rendered layouts/_header.html.erb (1.5ms)
  Rendered layouts/_footer.html.erb (0.4ms)
Completed 200 OK in 426ms (Views: 266.9ms)


Started GET "/gardens" for 127.0.0.1 at 2020-02-24 12:39:08 -0600
Processing by StaticPagesController#gardens as HTML
  Rendering static_pages/gardens.html.erb within layouts/application
  Rendered static_pages/gardens.html.erb within layouts/application (0.6ms)
  Rendered layouts/_shim.html.erb (0.3ms)
  Rendered layouts/_header.html.erb (0.7ms)
  Rendered layouts/_footer.html.erb (0.2ms)
Completed 200 OK in 19ms (Views: 17.5ms)


Started GET "/about" for 127.0.0.1 at 2020-02-24 12:39:09 -0600
Processing by StaticPagesController#about as HTML
  Rendering static_pages/about.html.erb within layouts/application
  Rendered static_pages/about.html.erb within layouts/application (0.8ms)
  Rendered layouts/_shim.html.erb (0.5ms)
  Rendered layouts/_header.html.erb (0.6ms)
  Rendered layouts/_footer.html.erb (0.2ms)
Completed 200 OK in 24ms (Views: 22.7ms)


Started GET "/home" for 127.0.0.1 at 2020-02-24 12:39:11 -0600
Processing by StaticPagesController#home as HTML
  Rendering static_pages/home.html.erb within layouts/application
  Rendered static_pages/home.html.erb within layouts/application (0.4ms)
  Rendered layouts/_shim.html.erb (0.2ms)
  Rendered layouts/_header.html.erb (0.7ms)
  Rendered layouts/_footer.html.erb (0.4ms)
Completed 200 OK in 31ms (Views: 28.8ms)


Started GET "/about" for 127.0.0.1 at 2020-02-24 12:39:52 -0600
Processing by StaticPagesController#about as HTML
  Rendering static_pages/about.html.erb within layouts/application
  Rendered static_pages/about.html.erb within layouts/application (1.0ms)
  Rendered layouts/_shim.html.erb (0.4ms)
  Rendered layouts/_header.html.erb (0.8ms)
  Rendered layouts/_footer.html.erb (0.2ms)
Completed 200 OK in 29ms (Views: 27.6ms)


Started GET "/gardens" for 127.0.0.1 at 2020-02-24 12:39:53 -0600
Processing by StaticPagesController#gardens as HTML
  Rendering static_pages/gardens.html.erb within layouts/application
  Rendered static_pages/gardens.html.erb within layouts/application (0.5ms)
  Rendered layouts/_shim.html.erb (0.3ms)
  Rendered layouts/_header.html.erb (0.6ms)
  Rendered layouts/_footer.html.erb (0.4ms)
Completed 200 OK in 21ms (Views: 19.2ms)


Started GET "/getinvolved" for 127.0.0.1 at 2020-02-24 12:39:53 -0600
Processing by StaticPagesController#getinvolved as HTML
  Rendering static_pages/getinvolved.html.erb within layouts/application
  Rendered static_pages/getinvolved.html.erb within layouts/application (0.5ms)
  Rendered layouts/_shim.html.erb (0.3ms)
  Rendered layouts/_header.html.erb (0.6ms)
  Rendered layouts/_footer.html.erb (0.3ms)
Completed 200 OK in 22ms (Views: 20.4ms)


Started GET "/gardens" for 127.0.0.1 at 2020-02-24 12:39:54 -0600
Processing by StaticPagesController#gardens as HTML
  Rendering static_pages/gardens.html.erb within layouts/application
  Rendered static_pages/gardens.html.erb within layouts/application (1.1ms)
  Rendered layouts/_shim.html.erb (0.2ms)
  Rendered layouts/_header.html.erb (0.6ms)
  Rendered layouts/_footer.html.erb (0.2ms)
Completed 200 OK in 24ms (Views: 23.2ms)


Started GET "/about" for 127.0.0.1 at 2020-02-24 12:39:55 -0600
Processing by StaticPagesController#about as HTML
  Rendering static_pages/about.html.erb within layouts/application
  Rendered static_pages/about.html.erb within layouts/application (0.6ms)
  Rendered layouts/_shim.html.erb (0.3ms)
  Rendered layouts/_header.html.erb (0.7ms)
  Rendered layouts/_footer.html.erb (0.2ms)
Completed 200 OK in 25ms (Views: 24.1ms)


Started GET "/home" for 127.0.0.1 at 2020-02-24 12:39:55 -0600
Processing by StaticPagesController#home as HTML
  Rendering static_pages/home.html.erb within layouts/application
  Rendered static_pages/home.html.erb within layouts/application (0.5ms)
  Rendered layouts/_shim.html.erb (0.6ms)
  Rendered layouts/_header.html.erb (1.0ms)
  Rendered layouts/_footer.html.erb (0.2ms)
Completed 200 OK in 22ms (Views: 20.8ms)


Started GET "/home" for 127.0.0.1 at 2020-02-24 13:26:36 -0600
Processing by StaticPagesController#home as HTML
  Rendering static_pages/home.html.erb within layouts/application
  Rendered static_pages/home.html.erb within layouts/application (1.3ms)
  Rendered layouts/_shim.html.erb (0.9ms)
  Rendered layouts/_header.html.erb (2.8ms)
  Rendered layouts/_footer.html.erb (0.4ms)
Completed 200 OK in 470ms (Views: 309.2ms)


Started GET "/home" for 127.0.0.1 at 2020-02-24 13:28:05 -0600
Processing by StaticPagesController#home as HTML
  Rendering static_pages/home.html.erb within layouts/application
  Rendered static_pages/home.html.erb within layouts/application (1.8ms)
  Rendered layouts/_shim.html.erb (0.4ms)
  Rendered layouts/_header.html.erb (1.1ms)
  Rendered layouts/_footer.html.erb (0.8ms)
Completed 200 OK in 441ms (Views: 276.5ms)


Started GET "/home" for 127.0.0.1 at 2020-02-24 13:28:57 -0600
Processing by StaticPagesController#home as HTML
  Rendering static_pages/home.html.erb within layouts/application
  Rendered static_pages/home.html.erb within layouts/application (1.2ms)
  Rendered layouts/_shim.html.erb (0.5ms)
  Rendered layouts/_header.html.erb (1.3ms)
  Rendered layouts/_footer.html.erb (0.4ms)
Completed 200 OK in 440ms (Views: 275.5ms)


Started GET "/home" for 127.0.0.1 at 2020-02-24 13:30:10 -0600
Processing by StaticPagesController#home as HTML
  Rendering static_pages/home.html.erb within layouts/application
  Rendered static_pages/home.html.erb within layouts/application (1.4ms)
  Rendered layouts/_shim.html.erb (0.5ms)
  Rendered layouts/_header.html.erb (1.1ms)
  Rendered layouts/_footer.html.erb (0.3ms)
Completed 200 OK in 444ms (Views: 281.7ms)


Started GET "/about" for 127.0.0.1 at 2020-02-24 13:30:15 -0600
Processing by StaticPagesController#about as HTML
  Rendering static_pages/about.html.erb within layouts/application
  Rendered static_pages/about.html.erb within layouts/application (0.4ms)
  Rendered layouts/_shim.html.erb (0.2ms)
  Rendered layouts/_header.html.erb (0.6ms)
  Rendered layouts/_footer.html.erb (0.2ms)
Completed 200 OK in 21ms (Views: 18.8ms)


Started GET "/gardens" for 127.0.0.1 at 2020-02-24 13:30:16 -0600
Processing by StaticPagesController#gardens as HTML
  Rendering static_pages/gardens.html.erb within layouts/application
  Rendered static_pages/gardens.html.erb within layouts/application (0.4ms)
  Rendered layouts/_shim.html.erb (0.3ms)
  Rendered layouts/_header.html.erb (0.8ms)
  Rendered layouts/_footer.html.erb (0.2ms)
Completed 200 OK in 22ms (Views: 20.9ms)


Started GET "/getinvolved" for 127.0.0.1 at 2020-02-24 13:30:17 -0600
Processing by StaticPagesController#getinvolved as HTML
  Rendering static_pages/getinvolved.html.erb within layouts/application
  Rendered static_pages/getinvolved.html.erb within layouts/application (0.4ms)
  Rendered layouts/_shim.html.erb (0.3ms)
  Rendered layouts/_header.html.erb (0.6ms)
  Rendered layouts/_footer.html.erb (0.2ms)
Completed 200 OK in 21ms (Views: 19.7ms)


Started GET "/home" for 127.0.0.1 at 2020-02-24 13:30:18 -0600
Processing by StaticPagesController#home as HTML
  Rendering static_pages/home.html.erb within layouts/application
  Rendered static_pages/home.html.erb within layouts/application (0.4ms)
  Rendered layouts/_shim.html.erb (0.3ms)
  Rendered layouts/_header.html.erb (0.6ms)
  Rendered layouts/_footer.html.erb (0.2ms)
Completed 200 OK in 25ms (Views: 23.7ms)


Started GET "/~/Downloads/Grinnell_giv_garden_logo.png" for 127.0.0.1 at 2020-02-24 13:47:25 -0600
  
ActionController::RoutingError (No route matches [GET] "/~/Downloads/Grinnell_giv_garden_logo.png"):
  
actionpack (5.1.6) lib/action_dispatch/middleware/debug_exceptions.rb:63:in `call'
web-console (3.5.1) lib/web_console/middleware.rb:135:in `call_app'
web-console (3.5.1) lib/web_console/middleware.rb:28:in `block in call'
web-console (3.5.1) lib/web_console/middleware.rb:18:in `catch'
web-console (3.5.1) lib/web_console/middleware.rb:18:in `call'
actionpack (5.1.6) lib/action_dispatch/middleware/show_exceptions.rb:31:in `call'
railties (5.1.6) lib/rails/rack/logger.rb:36:in `call_app'
railties (5.1.6) lib/rails/rack/logger.rb:24:in `block in call'
activesupport (5.1.6) lib/active_support/tagged_logging.rb:69:in `block in tagged'
activesupport (5.1.6) lib/active_support/tagged_logging.rb:26:in `tagged'
activesupport (5.1.6) lib/active_support/tagged_logging.rb:69:in `tagged'
railties (5.1.6) lib/rails/rack/logger.rb:24:in `call'
sprockets-rails (3.2.1) lib/sprockets/rails/quiet_assets.rb:13:in `call'
actionpack (5.1.6) lib/action_dispatch/middleware/remote_ip.rb:79:in `call'
actionpack (5.1.6) lib/action_dispatch/middleware/request_id.rb:25:in `call'
rack (2.2.2) lib/rack/method_override.rb:24:in `call'
rack (2.2.2) lib/rack/runtime.rb:22:in `call'
activesupport (5.1.6) lib/active_support/cache/strategy/local_cache_middleware.rb:27:in `call'
actionpack (5.1.6) lib/action_dispatch/middleware/executor.rb:12:in `call'
actionpack (5.1.6) lib/action_dispatch/middleware/static.rb:125:in `call'
rack (2.2.2) lib/rack/sendfile.rb:110:in `call'
railties (5.1.6) lib/rails/engine.rb:522:in `call'
puma (3.9.1) lib/puma/configuration.rb:224:in `call'
puma (3.9.1) lib/puma/server.rb:602:in `handle_request'
puma (3.9.1) lib/puma/server.rb:435:in `process_client'
puma (3.9.1) lib/puma/server.rb:299:in `block in run'
puma (3.9.1) lib/puma/thread_pool.rb:120:in `block in spawn_thread'
Started GET "/Grinnell_giv_garden_logo.png" for 127.0.0.1 at 2020-02-24 13:47:56 -0600
  
ActionController::RoutingError (No route matches [GET] "/Grinnell_giv_garden_logo.png"):
  
actionpack (5.1.6) lib/action_dispatch/middleware/debug_exceptions.rb:63:in `call'
web-console (3.5.1) lib/web_console/middleware.rb:135:in `call_app'
web-console (3.5.1) lib/web_console/middleware.rb:28:in `block in call'
web-console (3.5.1) lib/web_console/middleware.rb:18:in `catch'
web-console (3.5.1) lib/web_console/middleware.rb:18:in `call'
actionpack (5.1.6) lib/action_dispatch/middleware/show_exceptions.rb:31:in `call'
railties (5.1.6) lib/rails/rack/logger.rb:36:in `call_app'
railties (5.1.6) lib/rails/rack/logger.rb:24:in `block in call'
activesupport (5.1.6) lib/active_support/tagged_logging.rb:69:in `block in tagged'
activesupport (5.1.6) lib/active_support/tagged_logging.rb:26:in `tagged'
activesupport (5.1.6) lib/active_support/tagged_logging.rb:69:in `tagged'
railties (5.1.6) lib/rails/rack/logger.rb:24:in `call'
sprockets-rails (3.2.1) lib/sprockets/rails/quiet_assets.rb:13:in `call'
actionpack (5.1.6) lib/action_dispatch/middleware/remote_ip.rb:79:in `call'
actionpack (5.1.6) lib/action_dispatch/middleware/request_id.rb:25:in `call'
rack (2.2.2) lib/rack/method_override.rb:24:in `call'
rack (2.2.2) lib/rack/runtime.rb:22:in `call'
activesupport (5.1.6) lib/active_support/cache/strategy/local_cache_middleware.rb:27:in `call'
actionpack (5.1.6) lib/action_dispatch/middleware/executor.rb:12:in `call'
actionpack (5.1.6) lib/action_dispatch/middleware/static.rb:125:in `call'
rack (2.2.2) lib/rack/sendfile.rb:110:in `call'
railties (5.1.6) lib/rails/engine.rb:522:in `call'
puma (3.9.1) lib/puma/configuration.rb:224:in `call'
puma (3.9.1) lib/puma/server.rb:602:in `handle_request'
puma (3.9.1) lib/puma/server.rb:435:in `process_client'
puma (3.9.1) lib/puma/server.rb:299:in `block in run'
puma (3.9.1) lib/puma/thread_pool.rb:120:in `block in spawn_thread'
Started GET "/" for 127.0.0.1 at 2020-02-24 15:21:41 -0600
Processing by StaticPagesController#home as HTML
  Rendering static_pages/home.html.erb within layouts/application
  Rendered static_pages/home.html.erb within layouts/application (1.6ms)
  Rendered layouts/_shim.html.erb (0.3ms)
  Rendered layouts/_header.html.erb (0.9ms)
  Rendered layouts/_footer.html.erb (0.4ms)
Completed 200 OK in 494ms (Views: 285.4ms)


Started GET "/gardens" for 127.0.0.1 at 2020-02-24 15:22:56 -0600
Processing by StaticPagesController#gardens as HTML
  Rendering static_pages/gardens.html.erb within layouts/application
  Rendered static_pages/gardens.html.erb within layouts/application (0.3ms)
  Rendered layouts/_shim.html.erb (0.4ms)
  Rendered layouts/_header.html.erb (0.6ms)
  Rendered layouts/_footer.html.erb (0.2ms)
Completed 200 OK in 22ms (Views: 17.6ms)


Started GET "/about" for 127.0.0.1 at 2020-02-24 15:22:57 -0600
Processing by StaticPagesController#about as HTML
  Rendering static_pages/about.html.erb within layouts/application
  Rendered static_pages/about.html.erb within layouts/application (0.3ms)
  Rendered layouts/_shim.html.erb (0.3ms)
  Rendered layouts/_header.html.erb (0.5ms)
  Rendered layouts/_footer.html.erb (0.2ms)
Completed 200 OK in 20ms (Views: 17.9ms)


Started GET "/home" for 127.0.0.1 at 2020-02-24 15:22:58 -0600
Processing by StaticPagesController#home as HTML
  Rendering static_pages/home.html.erb within layouts/application
  Rendered static_pages/home.html.erb within layouts/application (0.4ms)
  Rendered layouts/_shim.html.erb (0.5ms)
  Rendered layouts/_header.html.erb (0.8ms)
  Rendered layouts/_footer.html.erb (0.2ms)
Completed 200 OK in 20ms (Views: 19.0ms)


Started GET "/home" for 127.0.0.1 at 2020-02-24 15:23:14 -0600
Processing by StaticPagesController#home as HTML
  Rendering static_pages/home.html.erb within layouts/application
  Rendered static_pages/home.html.erb within layouts/application (0.3ms)
  Rendered layouts/_shim.html.erb (0.2ms)
  Rendered layouts/_header.html.erb (0.6ms)
  Rendered layouts/_footer.html.erb (0.2ms)
Completed 200 OK in 21ms (Views: 20.2ms)


Started GET "/about" for 127.0.0.1 at 2020-02-24 15:23:35 -0600
Processing by StaticPagesController#about as HTML
  Rendering static_pages/about.html.erb within layouts/application
  Rendered static_pages/about.html.erb within layouts/application (0.3ms)
  Rendered layouts/_shim.html.erb (0.3ms)
  Rendered layouts/_header.html.erb (0.7ms)
  Rendered layouts/_footer.html.erb (0.3ms)
Completed 200 OK in 22ms (Views: 20.1ms)


Started GET "/gardens" for 127.0.0.1 at 2020-02-24 15:23:35 -0600
Processing by StaticPagesController#gardens as HTML
  Rendering static_pages/gardens.html.erb within layouts/application
  Rendered static_pages/gardens.html.erb within layouts/application (0.4ms)
  Rendered layouts/_shim.html.erb (0.2ms)
  Rendered layouts/_header.html.erb (0.6ms)
  Rendered layouts/_footer.html.erb (0.2ms)
Completed 200 OK in 19ms (Views: 17.5ms)


Started GET "/gardens" for 127.0.0.1 at 2020-02-24 15:24:26 -0600
Processing by StaticPagesController#gardens as HTML
  Rendering static_pages/gardens.html.erb within layouts/application
  Rendered static_pages/gardens.html.erb within layouts/application (1.3ms)
  Rendered layouts/_shim.html.erb (0.4ms)
  Rendered layouts/_header.html.erb (1.5ms)
  Rendered layouts/_footer.html.erb (0.7ms)
Completed 200 OK in 430ms (Views: 269.7ms)


Started GET "/getinvolved" for 127.0.0.1 at 2020-02-24 15:26:03 -0600
Processing by StaticPagesController#getinvolved as HTML
  Rendering static_pages/getinvolved.html.erb within layouts/application
  Rendered static_pages/getinvolved.html.erb within layouts/application (0.4ms)
  Rendered layouts/_shim.html.erb (0.3ms)
  Rendered layouts/_header.html.erb (0.7ms)
  Rendered layouts/_footer.html.erb (0.4ms)
Completed 200 OK in 22ms (Views: 19.2ms)


Started GET "/about" for 127.0.0.1 at 2020-02-24 15:26:04 -0600
Processing by StaticPagesController#about as HTML
  Rendering static_pages/about.html.erb within layouts/application
  Rendered static_pages/about.html.erb within layouts/application (0.3ms)
  Rendered layouts/_shim.html.erb (0.2ms)
  Rendered layouts/_header.html.erb (0.6ms)
  Rendered layouts/_footer.html.erb (0.2ms)
Completed 200 OK in 19ms (Views: 17.9ms)


Started GET "/about" for 127.0.0.1 at 2020-02-24 15:35:14 -0600
Processing by StaticPagesController#about as HTML
  Rendering static_pages/about.html.erb within layouts/application
  Rendered static_pages/about.html.erb within layouts/application (1.7ms)
  Rendered layouts/_shim.html.erb (0.5ms)
  Rendered layouts/_header.html.erb (2.6ms)
  Rendered layouts/_footer.html.erb (1.0ms)
Completed 200 OK in 490ms (Views: 328.8ms)


Started GET "/about" for 127.0.0.1 at 2020-02-24 15:38:25 -0600
Processing by StaticPagesController#about as HTML
  Rendering static_pages/about.html.erb within layouts/application
  Rendered static_pages/about.html.erb within layouts/application (1.4ms)
  Rendered layouts/_shim.html.erb (1.0ms)
  Rendered layouts/_header.html.erb (2.6ms)
  Rendered layouts/_footer.html.erb (0.5ms)
Completed 200 OK in 448ms (Views: 286.5ms)


Started GET "/about" for 127.0.0.1 at 2020-02-24 15:40:08 -0600
Processing by StaticPagesController#about as HTML
  Rendering static_pages/about.html.erb within layouts/application
  Rendered static_pages/about.html.erb within layouts/application (0.8ms)
  Rendered layouts/_shim.html.erb (0.4ms)
  Rendered layouts/_header.html.erb (2.4ms)
  Rendered layouts/_footer.html.erb (0.4ms)
Completed 200 OK in 476ms (Views: 294.8ms)


Started GET "/about" for 127.0.0.1 at 2020-02-24 15:40:30 -0600
Processing by StaticPagesController#about as HTML
  Rendering static_pages/about.html.erb within layouts/application
  Rendered static_pages/about.html.erb within layouts/application (2.1ms)
  Rendered layouts/_shim.html.erb (0.6ms)
  Rendered layouts/_header.html.erb (2.6ms)
  Rendered layouts/_footer.html.erb (0.4ms)
Completed 200 OK in 483ms (Views: 318.4ms)


